<?xml version="1.0" encoding="UTF-8"?>
<!-- Generated by org.testng.reporters.JUnitXMLReporter -->
<testsuite hostname="KUL-3D3PXZ1" name="BasicReressionTest" tests="19" failures="1" timestamp="17 Sep 2019 10:58:37 GMT" time="0.146" errors="0">
  <testcase name="createUser" time="0.02" classname="class11.MyCRMApplication"/>
  <testcase name="deleteUser" time="0.005" classname="class11.MyCRMApplication"/>
  <testcase name="logOut" time="0.005" classname="class11.MyCRMApplication"/>
  <testcase name="loginApp" time="0.0" classname="class11.MyCRMApplication"/>
  <testcase name="loginApp" time="0.005" classname="class11.MyCRMApplicationdependsOn">
    <failure type="java.lang.AssertionError" message="expected [subba ] but found [subba]">
      <![CDATA[java.lang.AssertionError: expected [subba ] but found [subba]
	at class11.MyCRMApplicationdependsOn.loginApp(MyCRMApplicationdependsOn.java:15)
... Removed 30 stack frames]]>
    </failure>
  </testcase> <!-- loginApp -->
  <testcase name="userCreate" time="0.0" classname="class11.MyCRMApplicationdependsOn">
    <skipped/>
  </testcase> <!-- userCreate -->
  <testcase name="logOut" time="0.0" classname="class11.MyCRMApplicationdependsOn">
    <skipped/>
  </testcase> <!-- logOut -->
  <testcase name="test1" time="0.0" classname="class11.MyFirstTestNG2"/>
  <testcase name="test2" time="0.005" classname="class11.MyFirstTestNG2"/>
  <testcase name="test3" time="0.005" classname="class11.MyFirstTestNG2"/>
  <testcase name="loginApp" time="0.005" classname="class11.MyCRMApplication4"/>
  <testcase name="createUser" time="0.0" classname="class11.MyCRMApplication4"/>
  <testcase name="deleteUser" time="0.0" classname="class11.MyCRMApplication4"/>
  <testcase name="logOut" time="0.0" classname="class11.MyCRMApplication4"/>
  <testcase name="test1" time="0.0" classname="class11.MyFirstTestNG"/>
  <testcase name="loginApp" time="0.005" classname="class11.MyCRMApplication3"/>
  <testcase name="createUser" time="0.0" classname="class11.MyCRMApplication3"/>
  <testcase name="deleteUser" time="0.0" classname="class11.MyCRMApplication3"/>
  <testcase name="logOut" time="0.0" classname="class11.MyCRMApplication3"/>
</testsuite> <!-- BasicReressionTest -->
