<?xml version="1.0" encoding="UTF-8"?>
<!-- Generated by org.testng.reporters.JUnitXMLReporter -->
<testsuite hostname="KUL-3D3PXZ1" name="SmokeTestScenario" tests="3" failures="2" timestamp="17 Sep 2019 10:45:03 GMT" time="0.06" errors="0">
  <testcase name="loginApp" time="0.02" classname="class11.AssertionDemo"/>
  <testcase name="marksTest" time="0.005" classname="class11.AssertionDemo">
    <failure type="java.lang.AssertionError" message="ToolName is not matching expected [80] but found [90]">
      <![CDATA[java.lang.AssertionError: ToolName is not matching expected [80] but found [90]
	at class11.AssertionDemo.marksTest(AssertionDemo.java:21)
... Removed 28 stack frames]]>
    </failure>
  </testcase> <!-- marksTest -->
  <testcase name="toolName1" time="0.0" classname="class11.AssertionDemo">
    <failure type="java.lang.AssertionError" message="TestNdoesnotExist expected [true] but found [false]">
      <![CDATA[java.lang.AssertionError: TestNdoesnotExist expected [true] but found [false]
	at class11.AssertionDemo.toolName1(AssertionDemo.java:29)
... Removed 27 stack frames]]>
    </failure>
  </testcase> <!-- toolName1 -->
</testsuite> <!-- SmokeTestScenario -->
