<?xml version="1.0" encoding="UTF-8"?>
<testng-results skipped="0" failed="0" total="1" passed="1">
  <reporter-output>
  </reporter-output>
  <suite name="Suite" duration-ms="23695" started-at="2019-09-26T09:19:44Z" finished-at="2019-09-26T09:20:08Z">
    <groups>
    </groups>
    <test name="Test" duration-ms="23695" started-at="2019-09-26T09:19:44Z" finished-at="2019-09-26T09:20:08Z">
      <class name="testcases.LoginToApplication3">
        <test-method status="PASS" signature="loginToPhoenix()[pri:0, instance:testcases.LoginToApplication3@1324409e]" name="loginToPhoenix" duration-ms="23675" started-at="2019-09-26T17:19:44Z" finished-at="2019-09-26T17:20:08Z">
          <reporter-output>
          </reporter-output>
        </test-method> <!-- loginToPhoenix -->
      </class> <!-- testcases.LoginToApplication3 -->
    </test> <!-- Test -->
  </suite> <!-- Suite -->
</testng-results>
